mode: atomic
github.com/dhcgn/iot-ephemeral-value-store/stats/stats.go:41.24,48.2 1 9
github.com/dhcgn/iot-ephemeral-value-store/stats/stats.go:50.45,56.2 4 100003
github.com/dhcgn/iot-ephemeral-value-store/stats/stats.go:58.38,63.37 4 100002
github.com/dhcgn/iot-ephemeral-value-store/stats/stats.go:63.37,65.3 1 100002
github.com/dhcgn/iot-ephemeral-value-store/stats/stats.go:68.36,73.37 4 100002
github.com/dhcgn/iot-ephemeral-value-store/stats/stats.go:73.37,75.3 1 100002
github.com/dhcgn/iot-ephemeral-value-store/stats/stats.go:78.39,83.37 4 100002
github.com/dhcgn/iot-ephemeral-value-store/stats/stats.go:83.37,85.3 1 100002
github.com/dhcgn/iot-ephemeral-value-store/stats/stats.go:88.47,94.45 5 100002
github.com/dhcgn/iot-ephemeral-value-store/stats/stats.go:94.45,95.20 1 99999
github.com/dhcgn/iot-ephemeral-value-store/stats/stats.go:95.20,98.9 3 99999
github.com/dhcgn/iot-ephemeral-value-store/stats/stats.go:101.2,101.12 1 100002
github.com/dhcgn/iot-ephemeral-value-store/stats/stats.go:101.12,103.3 1 3
github.com/dhcgn/iot-ephemeral-value-store/stats/stats.go:106.59,108.42 2 300006
github.com/dhcgn/iot-ephemeral-value-store/stats/stats.go:108.42,110.3 1 5
github.com/dhcgn/iot-ephemeral-value-store/stats/stats.go:111.2,113.21 3 300006
github.com/dhcgn/iot-ephemeral-value-store/stats/stats.go:116.38,124.31 6 100003
github.com/dhcgn/iot-ephemeral-value-store/stats/stats.go:124.31,125.23 1 100027
github.com/dhcgn/iot-ephemeral-value-store/stats/stats.go:125.23,127.4 1 1
github.com/dhcgn/iot-ephemeral-value-store/stats/stats.go:127.9,131.4 3 100026
github.com/dhcgn/iot-ephemeral-value-store/stats/stats.go:135.43,139.43 3 100001
github.com/dhcgn/iot-ephemeral-value-store/stats/stats.go:139.43,141.3 1 0
github.com/dhcgn/iot-ephemeral-value-store/stats/stats.go:142.2,142.37 1 100001
github.com/dhcgn/iot-ephemeral-value-store/middleware/cors.go:5.58,6.71 1 4
github.com/dhcgn/iot-ephemeral-value-store/middleware/cors.go:6.71,17.28 4 4
github.com/dhcgn/iot-ephemeral-value-store/middleware/cors.go:17.28,20.4 2 1
github.com/dhcgn/iot-ephemeral-value-store/middleware/cors.go:22.3,22.23 1 3
github.com/dhcgn/iot-ephemeral-value-store/middleware/limitRequestSize.go:8.66,9.71 1 3
github.com/dhcgn/iot-ephemeral-value-store/middleware/limitRequestSize.go:9.71,11.41 1 3
github.com/dhcgn/iot-ephemeral-value-store/middleware/limitRequestSize.go:11.41,16.4 4 1
github.com/dhcgn/iot-ephemeral-value-store/middleware/limitRequestSize.go:18.3,18.23 1 2
github.com/dhcgn/iot-ephemeral-value-store/middleware/ratelimit.go:17.66,19.16 2 22
github.com/dhcgn/iot-ephemeral-value-store/middleware/ratelimit.go:19.16,21.3 1 0
github.com/dhcgn/iot-ephemeral-value-store/middleware/ratelimit.go:23.2,23.71 1 22
github.com/dhcgn/iot-ephemeral-value-store/middleware/ratelimit.go:23.71,24.50 1 7
github.com/dhcgn/iot-ephemeral-value-store/middleware/ratelimit.go:24.50,26.4 1 2
github.com/dhcgn/iot-ephemeral-value-store/middleware/ratelimit.go:27.3,27.56 1 5
github.com/dhcgn/iot-ephemeral-value-store/middleware/ratelimit.go:27.56,31.4 1 5
github.com/dhcgn/iot-ephemeral-value-store/middleware/ratelimit.go:34.2,34.15 1 15
github.com/dhcgn/iot-ephemeral-value-store/middleware/ratelimit.go:38.60,40.19 2 8
github.com/dhcgn/iot-ephemeral-value-store/middleware/ratelimit.go:40.19,42.3 1 0
github.com/dhcgn/iot-ephemeral-value-store/middleware/ratelimit.go:43.2,43.35 1 8
github.com/dhcgn/iot-ephemeral-value-store/middleware/ratelimit.go:43.35,44.31 1 8
github.com/dhcgn/iot-ephemeral-value-store/middleware/ratelimit.go:44.31,46.4 1 7
github.com/dhcgn/iot-ephemeral-value-store/middleware/ratelimit.go:48.2,48.14 1 1
github.com/dhcgn/iot-ephemeral-value-store/middleware/ratelimit.go:56.59,57.71 1 4
github.com/dhcgn/iot-ephemeral-value-store/middleware/ratelimit.go:57.71,59.25 1 25
github.com/dhcgn/iot-ephemeral-value-store/middleware/ratelimit.go:59.25,62.4 2 10
github.com/dhcgn/iot-ephemeral-value-store/middleware/ratelimit.go:64.3,65.15 2 15
github.com/dhcgn/iot-ephemeral-value-store/middleware/ratelimit.go:65.15,70.4 4 0
github.com/dhcgn/iot-ephemeral-value-store/middleware/ratelimit.go:73.3,73.39 1 15
github.com/dhcgn/iot-ephemeral-value-store/middleware/ratelimit.go:73.39,76.4 2 10
github.com/dhcgn/iot-ephemeral-value-store/middleware/ratelimit.go:78.3,79.23 2 5
github.com/dhcgn/iot-ephemeral-value-store/middleware/ratelimit.go:79.23,85.4 5 2
github.com/dhcgn/iot-ephemeral-value-store/middleware/ratelimit.go:87.3,87.23 1 3
github.com/dhcgn/iot-ephemeral-value-store/middleware/ratelimit.go:91.53,96.13 4 5
github.com/dhcgn/iot-ephemeral-value-store/middleware/ratelimit.go:96.13,99.3 2 3
github.com/dhcgn/iot-ephemeral-value-store/middleware/ratelimit.go:101.2,101.16 1 5
github.com/dhcgn/iot-ephemeral-value-store/domain/domain.go:21.43,23.2 1 28
github.com/dhcgn/iot-ephemeral-value-store/domain/domain.go:26.45,28.2 1 3
github.com/dhcgn/iot-ephemeral-value-store/domain/domain.go:31.41,33.2 1 2
github.com/dhcgn/iot-ephemeral-value-store/domain/domain.go:36.43,38.2 1 2
github.com/dhcgn/iot-ephemeral-value-store/domain/domain.go:40.33,43.16 3 1003
github.com/dhcgn/iot-ephemeral-value-store/domain/domain.go:43.16,45.3 1 0
github.com/dhcgn/iot-ephemeral-value-store/domain/domain.go:46.2,46.40 1 1003
github.com/dhcgn/iot-ephemeral-value-store/domain/domain.go:49.58,53.26 2 11
github.com/dhcgn/iot-ephemeral-value-store/domain/domain.go:53.26,55.3 1 4
github.com/dhcgn/iot-ephemeral-value-store/domain/domain.go:57.2,58.41 2 7
github.com/dhcgn/iot-ephemeral-value-store/domain/domain.go:61.48,67.16 4 14
github.com/dhcgn/iot-ephemeral-value-store/domain/domain.go:67.16,69.3 1 2
github.com/dhcgn/iot-ephemeral-value-store/domain/domain.go:70.2,70.24 1 12
github.com/dhcgn/iot-ephemeral-value-store/domain/domain.go:70.24,72.3 1 4
github.com/dhcgn/iot-ephemeral-value-store/domain/domain.go:73.2,73.12 1 8
github.com/dhcgn/iot-ephemeral-value-store/data/data.go:19.80,22.16 3 1
github.com/dhcgn/iot-ephemeral-value-store/data/data.go:22.16,24.3 1 0
github.com/dhcgn/iot-ephemeral-value-store/data/data.go:25.2,25.36 1 1
github.com/dhcgn/iot-ephemeral-value-store/data/data.go:30.158,31.60 1 2
github.com/dhcgn/iot-ephemeral-value-store/data/data.go:31.60,33.3 1 1
github.com/dhcgn/iot-ephemeral-value-store/data/data.go:35.2,36.16 2 1
github.com/dhcgn/iot-ephemeral-value-store/data/data.go:36.16,38.3 1 0
github.com/dhcgn/iot-ephemeral-value-store/data/data.go:40.2,41.27 2 1
github.com/dhcgn/iot-ephemeral-value-store/data/data.go:41.27,43.3 1 2
github.com/dhcgn/iot-ephemeral-value-store/data/data.go:44.2,46.72 2 1
github.com/dhcgn/iot-ephemeral-value-store/data/data.go:46.72,48.3 1 0
github.com/dhcgn/iot-ephemeral-value-store/data/data.go:50.2,50.31 1 1
github.com/dhcgn/iot-ephemeral-value-store/data/data.go:55.170,56.60 1 3
github.com/dhcgn/iot-ephemeral-value-store/data/data.go:56.60,58.3 1 1
github.com/dhcgn/iot-ephemeral-value-store/data/data.go:60.2,61.16 2 2
github.com/dhcgn/iot-ephemeral-value-store/data/data.go:61.16,63.3 1 0
github.com/dhcgn/iot-ephemeral-value-store/data/data.go:65.2,66.16 2 2
github.com/dhcgn/iot-ephemeral-value-store/data/data.go:66.16,68.3 1 0
github.com/dhcgn/iot-ephemeral-value-store/data/data.go:70.2,71.27 2 2
github.com/dhcgn/iot-ephemeral-value-store/data/data.go:71.27,73.3 1 2
github.com/dhcgn/iot-ephemeral-value-store/data/data.go:75.2,79.80 3 2
github.com/dhcgn/iot-ephemeral-value-store/data/data.go:79.80,81.3 1 0
github.com/dhcgn/iot-ephemeral-value-store/data/data.go:83.2,83.39 1 2
github.com/dhcgn/iot-ephemeral-value-store/data/data.go:87.89,90.16 3 2
github.com/dhcgn/iot-ephemeral-value-store/data/data.go:90.16,92.3 1 1
github.com/dhcgn/iot-ephemeral-value-store/data/data.go:93.2,93.22 1 1
github.com/dhcgn/iot-ephemeral-value-store/data/data.go:98.113,101.16 3 3
github.com/dhcgn/iot-ephemeral-value-store/data/data.go:101.16,103.3 1 0
github.com/dhcgn/iot-ephemeral-value-store/data/data.go:105.2,106.16 2 3
github.com/dhcgn/iot-ephemeral-value-store/data/data.go:106.16,108.3 1 1
github.com/dhcgn/iot-ephemeral-value-store/data/data.go:109.2,109.19 1 2
github.com/dhcgn/iot-ephemeral-value-store/data/data.go:113.97,114.60 1 2
github.com/dhcgn/iot-ephemeral-value-store/data/data.go:114.60,116.3 1 1
github.com/dhcgn/iot-ephemeral-value-store/data/data.go:118.2,119.16 2 1
github.com/dhcgn/iot-ephemeral-value-store/data/data.go:119.16,121.3 1 0
github.com/dhcgn/iot-ephemeral-value-store/data/data.go:123.2,123.67 1 1
github.com/dhcgn/iot-ephemeral-value-store/data/data.go:123.67,125.3 1 0
github.com/dhcgn/iot-ephemeral-value-store/data/data.go:127.2,127.25 1 1
github.com/dhcgn/iot-ephemeral-value-store/data/merge.go:8.104,9.16 1 9
github.com/dhcgn/iot-ephemeral-value-store/data/merge.go:9.16,10.29 1 2
github.com/dhcgn/iot-ephemeral-value-store/data/merge.go:10.29,12.4 1 2
github.com/dhcgn/iot-ephemeral-value-store/data/merge.go:13.3,13.9 1 2
github.com/dhcgn/iot-ephemeral-value-store/data/merge.go:16.2,19.35 3 7
github.com/dhcgn/iot-ephemeral-value-store/data/merge.go:19.35,20.27 1 9
github.com/dhcgn/iot-ephemeral-value-store/data/merge.go:20.27,22.11 2 7
github.com/dhcgn/iot-ephemeral-value-store/data/merge.go:22.11,24.5 1 5
github.com/dhcgn/iot-ephemeral-value-store/data/merge.go:25.4,25.30 1 7
github.com/dhcgn/iot-ephemeral-value-store/data/merge.go:25.30,27.5 1 7
github.com/dhcgn/iot-ephemeral-value-store/data/merge.go:28.4,28.34 1 7
github.com/dhcgn/iot-ephemeral-value-store/data/merge.go:29.9,31.11 2 2
github.com/dhcgn/iot-ephemeral-value-store/data/merge.go:31.11,34.5 2 1
github.com/dhcgn/iot-ephemeral-value-store/data/merge.go:35.4,35.21 1 2
github.com/dhcgn/iot-ephemeral-value-store/data/traverse.go:10.88,14.27 3 8
github.com/dhcgn/iot-ephemeral-value-store/data/traverse.go:14.27,16.10 2 13
github.com/dhcgn/iot-ephemeral-value-store/data/traverse.go:16.10,18.4 1 1
github.com/dhcgn/iot-ephemeral-value-store/data/traverse.go:19.3,20.10 2 12
github.com/dhcgn/iot-ephemeral-value-store/data/traverse.go:20.10,22.4 1 2
github.com/dhcgn/iot-ephemeral-value-store/data/traverse.go:25.2,25.19 1 5
github.com/dhcgn/iot-ephemeral-value-store/httphandler/datahandling.go:7.70,9.16 1 9
github.com/dhcgn/iot-ephemeral-value-store/httphandler/datahandling.go:9.16,11.27 2 5
github.com/dhcgn/iot-ephemeral-value-store/httphandler/datahandling.go:11.27,13.4 1 5
github.com/dhcgn/iot-ephemeral-value-store/httphandler/datahandling.go:15.3,16.29 2 5
github.com/dhcgn/iot-ephemeral-value-store/httphandler/datahandling.go:16.29,18.4 1 5
github.com/dhcgn/iot-ephemeral-value-store/httphandler/datahandling.go:21.2,22.35 2 9
github.com/dhcgn/iot-ephemeral-value-store/httphandler/deleteHandler.go:10.71,15.16 4 3
github.com/dhcgn/iot-ephemeral-value-store/httphandler/deleteHandler.go:15.16,20.3 4 1
github.com/dhcgn/iot-ephemeral-value-store/httphandler/deleteHandler.go:22.2,23.25 2 2
github.com/dhcgn/iot-ephemeral-value-store/httphandler/downloadHandler.go:17.78,19.2 1 5
github.com/dhcgn/iot-ephemeral-value-store/httphandler/downloadHandler.go:21.95,27.16 5 7
github.com/dhcgn/iot-ephemeral-value-store/httphandler/downloadHandler.go:27.16,32.3 4 1
github.com/dhcgn/iot-ephemeral-value-store/httphandler/downloadHandler.go:34.2,35.60 2 6
github.com/dhcgn/iot-ephemeral-value-store/httphandler/downloadHandler.go:35.60,40.3 4 1
github.com/dhcgn/iot-ephemeral-value-store/httphandler/downloadHandler.go:42.2,43.16 2 5
github.com/dhcgn/iot-ephemeral-value-store/httphandler/downloadHandler.go:43.16,46.49 3 2
github.com/dhcgn/iot-ephemeral-value-store/httphandler/downloadHandler.go:46.49,48.4 1 1
github.com/dhcgn/iot-ephemeral-value-store/httphandler/downloadHandler.go:48.9,50.4 1 1
github.com/dhcgn/iot-ephemeral-value-store/httphandler/downloadHandler.go:51.3,51.9 1 2
github.com/dhcgn/iot-ephemeral-value-store/httphandler/downloadHandler.go:55.2,55.16 1 3
github.com/dhcgn/iot-ephemeral-value-store/httphandler/downloadHandler.go:55.16,57.17 2 2
github.com/dhcgn/iot-ephemeral-value-store/httphandler/downloadHandler.go:57.17,62.4 4 1
github.com/dhcgn/iot-ephemeral-value-store/httphandler/downloadHandler.go:63.3,63.18 1 1
github.com/dhcgn/iot-ephemeral-value-store/httphandler/downloadHandler.go:66.2,70.24 3 2
github.com/dhcgn/iot-ephemeral-value-store/httphandler/downloadHandler.go:73.54,76.16 2 2
github.com/dhcgn/iot-ephemeral-value-store/httphandler/downloadHandler.go:76.16,78.3 1 1
github.com/dhcgn/iot-ephemeral-value-store/httphandler/downloadHandler.go:81.2,82.16 2 1
github.com/dhcgn/iot-ephemeral-value-store/httphandler/downloadHandler.go:82.16,84.3 1 0
github.com/dhcgn/iot-ephemeral-value-store/httphandler/downloadHandler.go:87.2,88.16 2 1
github.com/dhcgn/iot-ephemeral-value-store/httphandler/downloadHandler.go:88.16,90.3 1 1
github.com/dhcgn/iot-ephemeral-value-store/httphandler/downloadHandler.go:91.2,91.34 1 0
github.com/dhcgn/iot-ephemeral-value-store/httphandler/downloadHandler.go:94.77,99.16 4 2
github.com/dhcgn/iot-ephemeral-value-store/httphandler/downloadHandler.go:99.16,104.3 4 1
github.com/dhcgn/iot-ephemeral-value-store/httphandler/downloadHandler.go:106.2,110.19 3 1
github.com/dhcgn/iot-ephemeral-value-store/httphandler/downloadHandler.go:113.79,115.2 1 2
github.com/dhcgn/iot-ephemeral-value-store/httphandler/downloadHandler.go:119.77,124.16 4 6
github.com/dhcgn/iot-ephemeral-value-store/httphandler/downloadHandler.go:124.16,129.3 4 1
github.com/dhcgn/iot-ephemeral-value-store/httphandler/downloadHandler.go:132.2,133.60 2 5
github.com/dhcgn/iot-ephemeral-value-store/httphandler/downloadHandler.go:133.60,138.3 4 1
github.com/dhcgn/iot-ephemeral-value-store/httphandler/downloadHandler.go:140.2,155.20 6 4
github.com/dhcgn/iot-ephemeral-value-store/httphandler/downloadHandler.go:155.20,157.3 1 4
github.com/dhcgn/iot-ephemeral-value-store/httphandler/downloadHandler.go:158.2,158.29 1 4
github.com/dhcgn/iot-ephemeral-value-store/httphandler/downloadHandler.go:158.29,163.3 1 13
github.com/dhcgn/iot-ephemeral-value-store/httphandler/downloadHandler.go:165.2,175.60 3 4
github.com/dhcgn/iot-ephemeral-value-store/httphandler/downloadHandler.go:175.60,180.3 4 0
github.com/dhcgn/iot-ephemeral-value-store/httphandler/downloadHandler.go:188.64,191.26 2 6
github.com/dhcgn/iot-ephemeral-value-store/httphandler/downloadHandler.go:192.30,193.29 1 6
github.com/dhcgn/iot-ephemeral-value-store/httphandler/downloadHandler.go:193.29,195.20 2 15
github.com/dhcgn/iot-ephemeral-value-store/httphandler/downloadHandler.go:195.20,197.5 1 12
github.com/dhcgn/iot-ephemeral-value-store/httphandler/downloadHandler.go:197.10,199.5 1 3
github.com/dhcgn/iot-ephemeral-value-store/httphandler/downloadHandler.go:202.4,202.59 1 15
github.com/dhcgn/iot-ephemeral-value-store/httphandler/downloadHandler.go:202.59,206.5 2 2
github.com/dhcgn/iot-ephemeral-value-store/httphandler/downloadHandler.go:206.10,209.5 1 13
github.com/dhcgn/iot-ephemeral-value-store/httphandler/downloadHandler.go:213.2,213.14 1 6
github.com/dhcgn/iot-ephemeral-value-store/httphandler/keyPairHandler.go:10.72,12.16 2 1
github.com/dhcgn/iot-ephemeral-value-store/httphandler/keyPairHandler.go:12.16,17.3 4 0
github.com/dhcgn/iot-ephemeral-value-store/httphandler/keyPairHandler.go:19.2,23.27 2 1
github.com/dhcgn/iot-ephemeral-value-store/httphandler/uploadHandler.go:11.79,17.2 4 3
github.com/dhcgn/iot-ephemeral-value-store/httphandler/uploadHandler.go:19.71,24.2 3 3
github.com/dhcgn/iot-ephemeral-value-store/httphandler/uploadHandler.go:26.108,35.13 5 6
github.com/dhcgn/iot-ephemeral-value-store/httphandler/uploadHandler.go:35.13,37.3 1 3
github.com/dhcgn/iot-ephemeral-value-store/httphandler/uploadHandler.go:37.8,39.3 1 3
github.com/dhcgn/iot-ephemeral-value-store/httphandler/uploadHandler.go:41.2,41.16 1 6
github.com/dhcgn/iot-ephemeral-value-store/httphandler/uploadHandler.go:41.16,46.3 4 2
github.com/dhcgn/iot-ephemeral-value-store/httphandler/uploadHandler.go:48.2,50.57 2 4
github.com/dhcgn/iot-ephemeral-value-store/httphandler/uploadHandler.go:53.119,55.18 2 4
github.com/dhcgn/iot-ephemeral-value-store/httphandler/uploadHandler.go:55.18,57.3 1 0
github.com/dhcgn/iot-ephemeral-value-store/httphandler/uploadHandler.go:59.2,60.26 2 4
github.com/dhcgn/iot-ephemeral-value-store/httphandler/uploadHandler.go:60.26,62.3 1 10
github.com/dhcgn/iot-ephemeral-value-store/httphandler/uploadHandler.go:64.2,70.4 2 4
github.com/dhcgn/iot-ephemeral-value-store/httphandler/utils.go:9.41,12.2 1 17
github.com/dhcgn/iot-ephemeral-value-store/httphandler/utils.go:14.60,17.2 2 6
github.com/dhcgn/iot-ephemeral-value-store/httphandler/utils.go:19.66,21.34 2 12
github.com/dhcgn/iot-ephemeral-value-store/httphandler/utils.go:21.34,22.22 1 13
github.com/dhcgn/iot-ephemeral-value-store/httphandler/utils.go:22.22,25.4 2 12
github.com/dhcgn/iot-ephemeral-value-store/httphandler/utils.go:27.2,27.17 1 12
github.com/dhcgn/iot-ephemeral-value-store/main.go:64.18,73.2 7 1
github.com/dhcgn/iot-ephemeral-value-store/main.go:76.96,78.3 1 0
github.com/dhcgn/iot-ephemeral-value-store/main.go:79.42,80.46 1 0
github.com/dhcgn/iot-ephemeral-value-store/main.go:80.46,82.4 1 0
github.com/dhcgn/iot-ephemeral-value-store/main.go:86.13,95.17 6 1
github.com/dhcgn/iot-ephemeral-value-store/main.go:95.17,97.53 2 0
github.com/dhcgn/iot-ephemeral-value-store/main.go:97.53,99.4 1 0
github.com/dhcgn/iot-ephemeral-value-store/main.go:100.3,100.13 1 0
github.com/dhcgn/iot-ephemeral-value-store/main.go:103.2,104.16 2 1
github.com/dhcgn/iot-ephemeral-value-store/main.go:104.16,106.3 1 0
github.com/dhcgn/iot-ephemeral-value-store/main.go:108.2,140.21 12 1
github.com/dhcgn/iot-ephemeral-value-store/main.go:143.162,146.16 2 6
github.com/dhcgn/iot-ephemeral-value-store/main.go:146.16,148.3 1 0
github.com/dhcgn/iot-ephemeral-value-store/main.go:150.2,151.16 2 6
github.com/dhcgn/iot-ephemeral-value-store/main.go:151.16,153.3 1 0
github.com/dhcgn/iot-ephemeral-value-store/main.go:156.2,172.16 8 6
github.com/dhcgn/iot-ephemeral-value-store/main.go:172.16,174.3 1 0
github.com/dhcgn/iot-ephemeral-value-store/main.go:175.2,180.103 2 6
github.com/dhcgn/iot-ephemeral-value-store/main.go:180.103,182.17 2 1
github.com/dhcgn/iot-ephemeral-value-store/main.go:182.17,184.4 1 1
github.com/dhcgn/iot-ephemeral-value-store/main.go:185.3,187.78 3 1
github.com/dhcgn/iot-ephemeral-value-store/main.go:190.2,190.71 1 6
github.com/dhcgn/iot-ephemeral-value-store/main.go:190.71,193.22 3 0
github.com/dhcgn/iot-ephemeral-value-store/main.go:193.22,195.4 1 0
github.com/dhcgn/iot-ephemeral-value-store/main.go:196.3,196.36 1 0
github.com/dhcgn/iot-ephemeral-value-store/main.go:199.2,202.72 2 6
github.com/dhcgn/iot-ephemeral-value-store/main.go:202.72,204.17 2 0
github.com/dhcgn/iot-ephemeral-value-store/main.go:204.17,207.4 2 0
github.com/dhcgn/iot-ephemeral-value-store/main.go:208.3,209.19 2 0
github.com/dhcgn/iot-ephemeral-value-store/main.go:213.2,234.84 14 6
github.com/dhcgn/iot-ephemeral-value-store/main.go:234.84,237.3 2 0
github.com/dhcgn/iot-ephemeral-value-store/main.go:239.2,242.10 3 6
github.com/dhcgn/iot-ephemeral-value-store/main.go:245.111,246.54 1 6
github.com/dhcgn/iot-ephemeral-value-store/main.go:246.54,249.17 3 2
github.com/dhcgn/iot-ephemeral-value-store/main.go:249.17,252.4 2 0
github.com/dhcgn/iot-ephemeral-value-store/main.go:253.3,254.19 2 2
github.com/dhcgn/iot-ephemeral-value-store/main.go:254.19,256.4 1 0
github.com/dhcgn/iot-ephemeral-value-store/main.go:256.9,256.69 1 2
github.com/dhcgn/iot-ephemeral-value-store/main.go:256.69,258.4 1 0
github.com/dhcgn/iot-ephemeral-value-store/main.go:259.3,273.24 3 2
github.com/dhcgn/iot-ephemeral-value-store/main.go:277.39,278.54 1 6
github.com/dhcgn/iot-ephemeral-value-store/main.go:278.54,280.17 2 0
github.com/dhcgn/iot-ephemeral-value-store/main.go:280.17,283.4 2 0
github.com/dhcgn/iot-ephemeral-value-store/main.go:284.3,285.19 2 0
github.com/dhcgn/iot-ephemeral-value-store/main.go:291.51,292.15 1 1
github.com/dhcgn/iot-ephemeral-value-store/main.go:292.15,294.3 1 1
github.com/dhcgn/iot-ephemeral-value-store/main.go:295.2,296.48 2 0
github.com/dhcgn/iot-ephemeral-value-store/main.go:296.48,298.18 2 0
github.com/dhcgn/iot-ephemeral-value-store/main.go:298.18,299.12 1 0
github.com/dhcgn/iot-ephemeral-value-store/main.go:302.3,302.36 1 0
github.com/dhcgn/iot-ephemeral-value-store/main.go:302.36,304.17 2 0
github.com/dhcgn/iot-ephemeral-value-store/main.go:304.17,306.13 2 0
github.com/dhcgn/iot-ephemeral-value-store/main.go:308.4,308.23 1 0
github.com/dhcgn/iot-ephemeral-value-store/main.go:308.23,310.5 1 0
github.com/dhcgn/iot-ephemeral-value-store/main.go:310.10,312.5 1 0
github.com/dhcgn/iot-ephemeral-value-store/main.go:314.3,315.17 2 0
github.com/dhcgn/iot-ephemeral-value-store/main.go:315.17,317.12 2 0
github.com/dhcgn/iot-ephemeral-value-store/main.go:319.3,319.39 1 0
github.com/dhcgn/iot-ephemeral-value-store/main.go:321.2,321.17 1 0
github.com/dhcgn/iot-ephemeral-value-store/mcphandler/server.go:26.54,29.19 2 7
github.com/dhcgn/iot-ephemeral-value-store/mcphandler/server.go:29.19,31.3 1 2
github.com/dhcgn/iot-ephemeral-value-store/mcphandler/server.go:34.2,46.78 4 7
github.com/dhcgn/iot-ephemeral-value-store/mcphandler/server.go:46.78,48.3 1 0
github.com/dhcgn/iot-ephemeral-value-store/mcphandler/server.go:52.2,56.8 1 7
github.com/dhcgn/iot-ephemeral-value-store/mcphandler/server.go:60.71,62.33 1 4
github.com/dhcgn/iot-ephemeral-value-store/mcphandler/server.go:62.33,65.3 2 0
github.com/dhcgn/iot-ephemeral-value-store/mcphandler/server.go:68.2,68.32 1 4
github.com/dhcgn/iot-ephemeral-value-store/mcphandler/server.go:68.32,71.3 2 1
github.com/dhcgn/iot-ephemeral-value-store/mcphandler/server.go:73.2,73.124 1 3
github.com/dhcgn/iot-ephemeral-value-store/mcphandler/server.go:77.79,80.19 2 3
github.com/dhcgn/iot-ephemeral-value-store/mcphandler/server.go:80.19,82.3 1 1
github.com/dhcgn/iot-ephemeral-value-store/mcphandler/server.go:84.2,99.56 3 3
github.com/dhcgn/iot-ephemeral-value-store/mcphandler/server.go:99.56,101.3 1 0
github.com/dhcgn/iot-ephemeral-value-store/mcphandler/tools.go:48.34,50.36 2 1
github.com/dhcgn/iot-ephemeral-value-store/mcphandler/tools.go:50.36,52.3 1 5
github.com/dhcgn/iot-ephemeral-value-store/mcphandler/tools.go:53.2,53.14 1 1
github.com/dhcgn/iot-ephemeral-value-store/mcphandler/tools.go:57.75,59.16 2 9
github.com/dhcgn/iot-ephemeral-value-store/mcphandler/tools.go:59.16,61.3 1 0
github.com/dhcgn/iot-ephemeral-value-store/mcphandler/tools.go:62.2,66.8 1 9
github.com/dhcgn/iot-ephemeral-value-store/mcphandler/tools.go:100.151,101.22 1 2
github.com/dhcgn/iot-ephemeral-value-store/mcphandler/tools.go:101.22,103.3 1 0
github.com/dhcgn/iot-ephemeral-value-store/mcphandler/tools.go:105.2,106.16 2 2
github.com/dhcgn/iot-ephemeral-value-store/mcphandler/tools.go:106.16,110.3 3 0
github.com/dhcgn/iot-ephemeral-value-store/mcphandler/tools.go:112.2,117.16 2 2
github.com/dhcgn/iot-ephemeral-value-store/mcphandler/tools.go:117.16,119.3 1 0
github.com/dhcgn/iot-ephemeral-value-store/mcphandler/tools.go:120.2,120.25 1 2
github.com/dhcgn/iot-ephemeral-value-store/mcphandler/tools.go:124.141,125.22 1 3
github.com/dhcgn/iot-ephemeral-value-store/mcphandler/tools.go:125.22,127.3 1 0
github.com/dhcgn/iot-ephemeral-value-store/mcphandler/tools.go:129.2,130.16 2 3
github.com/dhcgn/iot-ephemeral-value-store/mcphandler/tools.go:130.16,134.3 3 2
github.com/dhcgn/iot-ephemeral-value-store/mcphandler/tools.go:135.2,142.16 3 1
github.com/dhcgn/iot-ephemeral-value-store/mcphandler/tools.go:142.16,144.3 1 0
github.com/dhcgn/iot-ephemeral-value-store/mcphandler/tools.go:145.2,145.25 1 1
github.com/dhcgn/iot-ephemeral-value-store/mcphandler/tools.go:149.139,150.22 1 4
github.com/dhcgn/iot-ephemeral-value-store/mcphandler/tools.go:150.22,152.3 1 0
github.com/dhcgn/iot-ephemeral-value-store/mcphandler/tools.go:154.2,155.16 2 4
github.com/dhcgn/iot-ephemeral-value-store/mcphandler/tools.go:155.16,159.3 3 2
github.com/dhcgn/iot-ephemeral-value-store/mcphandler/tools.go:160.2,168.16 3 2
github.com/dhcgn/iot-ephemeral-value-store/mcphandler/tools.go:168.16,170.3 1 0
github.com/dhcgn/iot-ephemeral-value-store/mcphandler/tools.go:171.2,171.25 1 2
github.com/dhcgn/iot-ephemeral-value-store/mcphandler/tools.go:175.145,176.22 1 5
github.com/dhcgn/iot-ephemeral-value-store/mcphandler/tools.go:176.22,178.3 1 0
github.com/dhcgn/iot-ephemeral-value-store/mcphandler/tools.go:180.2,182.28 2 5
github.com/dhcgn/iot-ephemeral-value-store/mcphandler/tools.go:182.28,184.17 2 2
github.com/dhcgn/iot-ephemeral-value-store/mcphandler/tools.go:184.17,188.4 3 1
github.com/dhcgn/iot-ephemeral-value-store/mcphandler/tools.go:190.3,191.60 2 1
github.com/dhcgn/iot-ephemeral-value-store/mcphandler/tools.go:191.60,195.4 3 0
github.com/dhcgn/iot-ephemeral-value-store/mcphandler/tools.go:197.3,202.4 2 1
github.com/dhcgn/iot-ephemeral-value-store/mcphandler/tools.go:203.8,205.17 2 3
github.com/dhcgn/iot-ephemeral-value-store/mcphandler/tools.go:205.17,209.4 3 1
github.com/dhcgn/iot-ephemeral-value-store/mcphandler/tools.go:211.3,217.4 2 2
github.com/dhcgn/iot-ephemeral-value-store/mcphandler/tools.go:220.2,221.16 2 3
github.com/dhcgn/iot-ephemeral-value-store/mcphandler/tools.go:221.16,223.3 1 0
github.com/dhcgn/iot-ephemeral-value-store/mcphandler/tools.go:224.2,224.25 1 3
github.com/dhcgn/iot-ephemeral-value-store/mcphandler/tools.go:228.141,229.22 1 3
github.com/dhcgn/iot-ephemeral-value-store/mcphandler/tools.go:229.22,231.3 1 0
github.com/dhcgn/iot-ephemeral-value-store/mcphandler/tools.go:233.2,234.16 2 3
github.com/dhcgn/iot-ephemeral-value-store/mcphandler/tools.go:234.16,238.3 3 2
github.com/dhcgn/iot-ephemeral-value-store/mcphandler/tools.go:240.2,244.16 2 1
github.com/dhcgn/iot-ephemeral-value-store/mcphandler/tools.go:244.16,246.3 1 0
github.com/dhcgn/iot-ephemeral-value-store/mcphandler/tools.go:247.2,247.25 1 1
github.com/dhcgn/iot-ephemeral-value-store/mcphandler/tools.go:251.51,286.2 10 7
github.com/dhcgn/iot-ephemeral-value-store/mcphandler/tools.go:290.49,291.36 1 35
github.com/dhcgn/iot-ephemeral-value-store/mcphandler/tools.go:291.36,292.24 1 105
github.com/dhcgn/iot-ephemeral-value-store/mcphandler/tools.go:292.24,294.4 1 35
github.com/dhcgn/iot-ephemeral-value-store/mcphandler/tools.go:296.2,297.12 2 0
github.com/dhcgn/iot-ephemeral-value-store/storage/disk_unix.go:12.48,14.49 2 0
github.com/dhcgn/iot-ephemeral-value-store/storage/disk_unix.go:14.49,16.3 1 0
github.com/dhcgn/iot-ephemeral-value-store/storage/disk_unix.go:17.2,17.52 1 0
github.com/dhcgn/iot-ephemeral-value-store/storage/storage.go:45.68,47.2 1 0
github.com/dhcgn/iot-ephemeral-value-store/storage/storage.go:48.70,50.2 1 0
github.com/dhcgn/iot-ephemeral-value-store/storage/storage.go:51.67,53.2 1 44
github.com/dhcgn/iot-ephemeral-value-store/storage/storage.go:54.68,56.2 1 146
github.com/dhcgn/iot-ephemeral-value-store/storage/storage.go:99.41,100.21 1 12
github.com/dhcgn/iot-ephemeral-value-store/storage/storage.go:100.21,102.3 1 4
github.com/dhcgn/iot-ephemeral-value-store/storage/storage.go:103.2,103.21 1 12
github.com/dhcgn/iot-ephemeral-value-store/storage/storage.go:109.83,110.12 1 4
github.com/dhcgn/iot-ephemeral-value-store/storage/storage.go:110.12,113.7 3 4
github.com/dhcgn/iot-ephemeral-value-store/storage/storage.go:113.7,114.11 1 4
github.com/dhcgn/iot-ephemeral-value-store/storage/storage.go:115.18,116.11 1 4
github.com/dhcgn/iot-ephemeral-value-store/storage/storage.go:117.20,118.9 1 0
github.com/dhcgn/iot-ephemeral-value-store/storage/storage.go:118.9,119.69 1 0
github.com/dhcgn/iot-ephemeral-value-store/storage/storage.go:119.69,120.12 1 0
github.com/dhcgn/iot-ephemeral-value-store/storage/storage.go:128.43,130.16 2 8
github.com/dhcgn/iot-ephemeral-value-store/storage/storage.go:130.16,132.3 1 0
github.com/dhcgn/iot-ephemeral-value-store/storage/storage.go:134.2,138.3 1 8
github.com/dhcgn/iot-ephemeral-value-store/storage/storage.go:141.92,143.16 2 4
github.com/dhcgn/iot-ephemeral-value-store/storage/storage.go:143.16,145.3 1 0
github.com/dhcgn/iot-ephemeral-value-store/storage/storage.go:147.2,147.57 1 4
github.com/dhcgn/iot-ephemeral-value-store/storage/storage.go:147.57,149.17 2 1
github.com/dhcgn/iot-ephemeral-value-store/storage/storage.go:149.17,151.4 1 0
github.com/dhcgn/iot-ephemeral-value-store/storage/storage.go:154.2,155.16 2 4
github.com/dhcgn/iot-ephemeral-value-store/storage/storage.go:155.16,157.3 1 0
github.com/dhcgn/iot-ephemeral-value-store/storage/storage.go:159.2,168.3 3 4
github.com/dhcgn/iot-ephemeral-value-store/storage/storage.go:180.102,185.22 3 8
github.com/dhcgn/iot-ephemeral-value-store/storage/storage.go:185.22,187.3 1 1
github.com/dhcgn/iot-ephemeral-value-store/storage/storage.go:189.2,190.12 2 7
github.com/dhcgn/iot-ephemeral-value-store/storage/storage.go:190.12,192.3 1 7
github.com/dhcgn/iot-ephemeral-value-store/storage/storage.go:194.2,194.9 1 7
github.com/dhcgn/iot-ephemeral-value-store/storage/storage.go:195.21,196.13 1 7
github.com/dhcgn/iot-ephemeral-value-store/storage/storage.go:197.20,198.72 1 0
github.com/dhcgn/iot-ephemeral-value-store/storage/storage.go:206.104,207.28 1 28
github.com/dhcgn/iot-ephemeral-value-store/storage/storage.go:207.28,209.3 1 0
github.com/dhcgn/iot-ephemeral-value-store/storage/storage.go:211.2,211.22 1 28
github.com/dhcgn/iot-ephemeral-value-store/storage/storage.go:211.22,213.3 1 1
github.com/dhcgn/iot-ephemeral-value-store/storage/storage.go:215.2,216.12 2 27
github.com/dhcgn/iot-ephemeral-value-store/storage/storage.go:216.12,218.3 1 27
github.com/dhcgn/iot-ephemeral-value-store/storage/storage.go:220.2,220.9 1 27
github.com/dhcgn/iot-ephemeral-value-store/storage/storage.go:221.21,222.13 1 27
github.com/dhcgn/iot-ephemeral-value-store/storage/storage.go:223.20,224.73 1 0
github.com/dhcgn/iot-ephemeral-value-store/storage/storage.go:225.36,229.27 3 0
github.com/dhcgn/iot-ephemeral-value-store/storage/storage.go:236.92,237.33 1 10
github.com/dhcgn/iot-ephemeral-value-store/storage/storage.go:237.33,239.3 1 2
github.com/dhcgn/iot-ephemeral-value-store/storage/storage.go:240.2,240.58 1 8
github.com/dhcgn/iot-ephemeral-value-store/storage/storage.go:245.43,247.2 1 0
github.com/dhcgn/iot-ephemeral-value-store/storage/storage.go:250.45,252.2 1 0
github.com/dhcgn/iot-ephemeral-value-store/storage/storage.go:254.92,256.60 2 2
github.com/dhcgn/iot-ephemeral-value-store/storage/storage.go:256.60,258.17 2 2
github.com/dhcgn/iot-ephemeral-value-store/storage/storage.go:258.17,260.4 1 1
github.com/dhcgn/iot-ephemeral-value-store/storage/storage.go:261.3,262.13 2 1
github.com/dhcgn/iot-ephemeral-value-store/storage/storage.go:264.2,264.22 1 2
github.com/dhcgn/iot-ephemeral-value-store/storage/storage.go:267.116,269.16 2 17
github.com/dhcgn/iot-ephemeral-value-store/storage/storage.go:269.16,271.3 1 1
github.com/dhcgn/iot-ephemeral-value-store/storage/storage.go:273.2,273.62 1 16
github.com/dhcgn/iot-ephemeral-value-store/storage/storage.go:273.62,276.3 2 15
github.com/dhcgn/iot-ephemeral-value-store/storage/storage.go:279.109,281.60 2 6
github.com/dhcgn/iot-ephemeral-value-store/storage/storage.go:281.60,283.17 2 5
github.com/dhcgn/iot-ephemeral-value-store/storage/storage.go:283.17,284.36 1 2
github.com/dhcgn/iot-ephemeral-value-store/storage/storage.go:284.36,290.5 2 2
github.com/dhcgn/iot-ephemeral-value-store/storage/storage.go:291.4,291.14 1 0
github.com/dhcgn/iot-ephemeral-value-store/storage/storage.go:293.3,294.17 2 3
github.com/dhcgn/iot-ephemeral-value-store/storage/storage.go:294.17,296.4 1 0
github.com/dhcgn/iot-ephemeral-value-store/storage/storage.go:297.3,297.49 1 3
github.com/dhcgn/iot-ephemeral-value-store/storage/storage.go:299.2,299.26 1 6
github.com/dhcgn/iot-ephemeral-value-store/storage/storage.go:302.81,303.62 1 11
github.com/dhcgn/iot-ephemeral-value-store/storage/storage.go:303.62,305.3 1 11
github.com/dhcgn/iot-ephemeral-value-store/storage/storage.go:308.85,309.79 1 1
github.com/dhcgn/iot-ephemeral-value-store/storage/storage.go:309.79,312.3 2 1
github.com/dhcgn/iot-ephemeral-value-store/storage/storage.go:318.54,319.28 1 0
github.com/dhcgn/iot-ephemeral-value-store/storage/storage.go:319.28,325.3 1 0
github.com/dhcgn/iot-ephemeral-value-store/storage/storage.go:328.2,328.47 1 0
github.com/dhcgn/iot-ephemeral-value-store/storage/storage.go:328.47,330.35 2 0
github.com/dhcgn/iot-ephemeral-value-store/storage/storage.go:330.35,332.4 1 0
github.com/dhcgn/iot-ephemeral-value-store/storage/storage.go:333.3,333.13 1 0
github.com/dhcgn/iot-ephemeral-value-store/storage/storage.go:335.2,335.16 1 0
github.com/dhcgn/iot-ephemeral-value-store/storage/storage.go:335.16,340.3 1 0
github.com/dhcgn/iot-ephemeral-value-store/storage/storage.go:342.2,348.23 2 0
github.com/dhcgn/iot-ephemeral-value-store/storage/storage.go:348.23,350.17 2 0
github.com/dhcgn/iot-ephemeral-value-store/storage/storage.go:350.17,352.4 1 0
github.com/dhcgn/iot-ephemeral-value-store/storage/storage.go:352.9,355.27 3 0
github.com/dhcgn/iot-ephemeral-value-store/storage/storage.go:355.27,358.5 2 0
github.com/dhcgn/iot-ephemeral-value-store/storage/storage.go:362.2,362.15 1 0
