mode: atomic
github.com/dhcgn/iot-ephemeral-value-store/data/data.go:18.80,21.16 3 1
github.com/dhcgn/iot-ephemeral-value-store/data/data.go:21.16,23.3 1 0
github.com/dhcgn/iot-ephemeral-value-store/data/data.go:24.2,24.36 1 1
github.com/dhcgn/iot-ephemeral-value-store/data/data.go:29.137,30.60 1 2
github.com/dhcgn/iot-ephemeral-value-store/data/data.go:30.60,32.3 1 1
github.com/dhcgn/iot-ephemeral-value-store/data/data.go:34.2,35.16 2 1
github.com/dhcgn/iot-ephemeral-value-store/data/data.go:35.16,37.3 1 0
github.com/dhcgn/iot-ephemeral-value-store/data/data.go:39.2,40.27 2 1
github.com/dhcgn/iot-ephemeral-value-store/data/data.go:40.27,42.3 1 2
github.com/dhcgn/iot-ephemeral-value-store/data/data.go:43.2,45.67 2 1
github.com/dhcgn/iot-ephemeral-value-store/data/data.go:45.67,47.3 1 0
github.com/dhcgn/iot-ephemeral-value-store/data/data.go:49.2,49.31 1 1
github.com/dhcgn/iot-ephemeral-value-store/data/data.go:54.149,55.60 1 3
github.com/dhcgn/iot-ephemeral-value-store/data/data.go:55.60,57.3 1 1
github.com/dhcgn/iot-ephemeral-value-store/data/data.go:59.2,60.16 2 2
github.com/dhcgn/iot-ephemeral-value-store/data/data.go:60.16,62.3 1 0
github.com/dhcgn/iot-ephemeral-value-store/data/data.go:64.2,65.16 2 2
github.com/dhcgn/iot-ephemeral-value-store/data/data.go:65.16,67.3 1 0
github.com/dhcgn/iot-ephemeral-value-store/data/data.go:69.2,70.27 2 2
github.com/dhcgn/iot-ephemeral-value-store/data/data.go:70.27,72.3 1 2
github.com/dhcgn/iot-ephemeral-value-store/data/data.go:74.2,78.75 3 2
github.com/dhcgn/iot-ephemeral-value-store/data/data.go:78.75,80.3 1 0
github.com/dhcgn/iot-ephemeral-value-store/data/data.go:82.2,82.39 1 2
github.com/dhcgn/iot-ephemeral-value-store/data/data.go:86.68,89.16 3 2
github.com/dhcgn/iot-ephemeral-value-store/data/data.go:89.16,91.3 1 1
github.com/dhcgn/iot-ephemeral-value-store/data/data.go:92.2,92.22 1 1
github.com/dhcgn/iot-ephemeral-value-store/data/data.go:97.92,100.16 3 3
github.com/dhcgn/iot-ephemeral-value-store/data/data.go:100.16,102.3 1 0
github.com/dhcgn/iot-ephemeral-value-store/data/data.go:104.2,105.16 2 3
github.com/dhcgn/iot-ephemeral-value-store/data/data.go:105.16,107.3 1 1
github.com/dhcgn/iot-ephemeral-value-store/data/data.go:108.2,108.19 1 2
github.com/dhcgn/iot-ephemeral-value-store/data/data.go:112.76,113.60 1 2
github.com/dhcgn/iot-ephemeral-value-store/data/data.go:113.60,115.3 1 1
github.com/dhcgn/iot-ephemeral-value-store/data/data.go:117.2,118.16 2 1
github.com/dhcgn/iot-ephemeral-value-store/data/data.go:118.16,120.3 1 0
github.com/dhcgn/iot-ephemeral-value-store/data/data.go:122.2,122.62 1 1
github.com/dhcgn/iot-ephemeral-value-store/data/data.go:122.62,124.3 1 0
github.com/dhcgn/iot-ephemeral-value-store/data/data.go:126.2,126.25 1 1
github.com/dhcgn/iot-ephemeral-value-store/data/merge.go:8.104,9.16 1 9
github.com/dhcgn/iot-ephemeral-value-store/data/merge.go:9.16,10.29 1 2
github.com/dhcgn/iot-ephemeral-value-store/data/merge.go:10.29,12.4 1 2
github.com/dhcgn/iot-ephemeral-value-store/data/merge.go:13.3,13.9 1 2
github.com/dhcgn/iot-ephemeral-value-store/data/merge.go:16.2,19.35 3 7
github.com/dhcgn/iot-ephemeral-value-store/data/merge.go:19.35,20.27 1 9
github.com/dhcgn/iot-ephemeral-value-store/data/merge.go:20.27,22.11 2 7
github.com/dhcgn/iot-ephemeral-value-store/data/merge.go:22.11,24.5 1 5
github.com/dhcgn/iot-ephemeral-value-store/data/merge.go:25.4,25.30 1 7
github.com/dhcgn/iot-ephemeral-value-store/data/merge.go:25.30,27.5 1 7
github.com/dhcgn/iot-ephemeral-value-store/data/merge.go:28.4,28.34 1 7
github.com/dhcgn/iot-ephemeral-value-store/data/merge.go:29.9,31.11 2 2
github.com/dhcgn/iot-ephemeral-value-store/data/merge.go:31.11,34.5 2 1
github.com/dhcgn/iot-ephemeral-value-store/data/merge.go:35.4,35.21 1 2
github.com/dhcgn/iot-ephemeral-value-store/data/traverse.go:10.88,14.27 3 8
github.com/dhcgn/iot-ephemeral-value-store/data/traverse.go:14.27,16.10 2 13
github.com/dhcgn/iot-ephemeral-value-store/data/traverse.go:16.10,18.4 1 1
github.com/dhcgn/iot-ephemeral-value-store/data/traverse.go:19.3,20.10 2 12
github.com/dhcgn/iot-ephemeral-value-store/data/traverse.go:20.10,22.4 1 2
github.com/dhcgn/iot-ephemeral-value-store/data/traverse.go:25.2,25.19 1 5
github.com/dhcgn/iot-ephemeral-value-store/domain/domain.go:20.43,22.2 1 28
github.com/dhcgn/iot-ephemeral-value-store/domain/domain.go:25.45,27.2 1 3
github.com/dhcgn/iot-ephemeral-value-store/domain/domain.go:30.41,32.2 1 2
github.com/dhcgn/iot-ephemeral-value-store/domain/domain.go:35.43,37.2 1 2
github.com/dhcgn/iot-ephemeral-value-store/domain/domain.go:39.33,42.16 3 1003
github.com/dhcgn/iot-ephemeral-value-store/domain/domain.go:42.16,43.59 1 0
github.com/dhcgn/iot-ephemeral-value-store/domain/domain.go:45.2,45.40 1 1003
github.com/dhcgn/iot-ephemeral-value-store/domain/domain.go:48.58,52.26 2 11
github.com/dhcgn/iot-ephemeral-value-store/domain/domain.go:52.26,54.3 1 4
github.com/dhcgn/iot-ephemeral-value-store/domain/domain.go:56.2,57.41 2 7
github.com/dhcgn/iot-ephemeral-value-store/domain/domain.go:60.48,66.16 4 14
github.com/dhcgn/iot-ephemeral-value-store/domain/domain.go:66.16,68.3 1 2
github.com/dhcgn/iot-ephemeral-value-store/domain/domain.go:69.2,69.24 1 12
github.com/dhcgn/iot-ephemeral-value-store/domain/domain.go:69.24,71.3 1 4
github.com/dhcgn/iot-ephemeral-value-store/domain/domain.go:72.2,72.12 1 8
github.com/dhcgn/iot-ephemeral-value-store/main.go:64.18,73.2 7 1
github.com/dhcgn/iot-ephemeral-value-store/main.go:76.96,78.3 1 0
github.com/dhcgn/iot-ephemeral-value-store/main.go:79.42,80.46 1 0
github.com/dhcgn/iot-ephemeral-value-store/main.go:80.46,82.4 1 0
github.com/dhcgn/iot-ephemeral-value-store/main.go:86.13,95.17 6 1
github.com/dhcgn/iot-ephemeral-value-store/main.go:95.17,97.53 2 0
github.com/dhcgn/iot-ephemeral-value-store/main.go:97.53,99.4 1 0
github.com/dhcgn/iot-ephemeral-value-store/main.go:100.3,100.13 1 0
github.com/dhcgn/iot-ephemeral-value-store/main.go:103.2,104.16 2 1
github.com/dhcgn/iot-ephemeral-value-store/main.go:104.16,106.3 1 0
github.com/dhcgn/iot-ephemeral-value-store/main.go:108.2,140.21 12 1
github.com/dhcgn/iot-ephemeral-value-store/main.go:143.162,146.16 2 6
github.com/dhcgn/iot-ephemeral-value-store/main.go:146.16,148.3 1 0
github.com/dhcgn/iot-ephemeral-value-store/main.go:150.2,151.16 2 6
github.com/dhcgn/iot-ephemeral-value-store/main.go:151.16,153.3 1 0
github.com/dhcgn/iot-ephemeral-value-store/main.go:156.2,172.16 8 6
github.com/dhcgn/iot-ephemeral-value-store/main.go:172.16,174.3 1 0
github.com/dhcgn/iot-ephemeral-value-store/main.go:175.2,180.103 2 6
github.com/dhcgn/iot-ephemeral-value-store/main.go:180.103,182.17 2 1
github.com/dhcgn/iot-ephemeral-value-store/main.go:182.17,184.4 1 1
github.com/dhcgn/iot-ephemeral-value-store/main.go:185.3,187.78 3 1
github.com/dhcgn/iot-ephemeral-value-store/main.go:190.2,190.71 1 6
github.com/dhcgn/iot-ephemeral-value-store/main.go:190.71,193.22 3 0
github.com/dhcgn/iot-ephemeral-value-store/main.go:193.22,195.4 1 0
github.com/dhcgn/iot-ephemeral-value-store/main.go:196.3,196.36 1 0
github.com/dhcgn/iot-ephemeral-value-store/main.go:199.2,202.72 2 6
github.com/dhcgn/iot-ephemeral-value-store/main.go:202.72,204.17 2 0
github.com/dhcgn/iot-ephemeral-value-store/main.go:204.17,207.4 2 0
github.com/dhcgn/iot-ephemeral-value-store/main.go:208.3,209.19 2 0
github.com/dhcgn/iot-ephemeral-value-store/main.go:213.2,234.84 14 6
github.com/dhcgn/iot-ephemeral-value-store/main.go:234.84,237.3 2 0
github.com/dhcgn/iot-ephemeral-value-store/main.go:239.2,242.10 3 6
github.com/dhcgn/iot-ephemeral-value-store/main.go:245.111,246.54 1 6
github.com/dhcgn/iot-ephemeral-value-store/main.go:246.54,249.17 3 2
github.com/dhcgn/iot-ephemeral-value-store/main.go:249.17,252.4 2 0
github.com/dhcgn/iot-ephemeral-value-store/main.go:253.3,254.19 2 2
github.com/dhcgn/iot-ephemeral-value-store/main.go:254.19,256.4 1 0
github.com/dhcgn/iot-ephemeral-value-store/main.go:256.9,256.69 1 2
github.com/dhcgn/iot-ephemeral-value-store/main.go:256.69,258.4 1 0
github.com/dhcgn/iot-ephemeral-value-store/main.go:259.3,273.24 3 2
github.com/dhcgn/iot-ephemeral-value-store/main.go:277.39,278.54 1 6
github.com/dhcgn/iot-ephemeral-value-store/main.go:278.54,280.17 2 0
github.com/dhcgn/iot-ephemeral-value-store/main.go:280.17,283.4 2 0
github.com/dhcgn/iot-ephemeral-value-store/main.go:284.3,285.19 2 0
github.com/dhcgn/iot-ephemeral-value-store/main.go:291.51,292.15 1 1
github.com/dhcgn/iot-ephemeral-value-store/main.go:292.15,294.3 1 1
github.com/dhcgn/iot-ephemeral-value-store/main.go:295.2,296.48 2 0
github.com/dhcgn/iot-ephemeral-value-store/main.go:296.48,298.18 2 0
github.com/dhcgn/iot-ephemeral-value-store/main.go:298.18,299.12 1 0
github.com/dhcgn/iot-ephemeral-value-store/main.go:302.3,302.36 1 0
github.com/dhcgn/iot-ephemeral-value-store/main.go:302.36,304.17 2 0
github.com/dhcgn/iot-ephemeral-value-store/main.go:304.17,306.13 2 0
github.com/dhcgn/iot-ephemeral-value-store/main.go:308.4,308.23 1 0
github.com/dhcgn/iot-ephemeral-value-store/main.go:308.23,310.5 1 0
github.com/dhcgn/iot-ephemeral-value-store/main.go:310.10,312.5 1 0
github.com/dhcgn/iot-ephemeral-value-store/main.go:314.3,315.17 2 0
github.com/dhcgn/iot-ephemeral-value-store/main.go:315.17,317.12 2 0
github.com/dhcgn/iot-ephemeral-value-store/main.go:319.3,319.39 1 0
github.com/dhcgn/iot-ephemeral-value-store/main.go:321.2,321.17 1 0
github.com/dhcgn/iot-ephemeral-value-store/httphandler/datahandling.go:7.70,9.16 1 9
github.com/dhcgn/iot-ephemeral-value-store/httphandler/datahandling.go:9.16,11.27 2 5
github.com/dhcgn/iot-ephemeral-value-store/httphandler/datahandling.go:11.27,13.4 1 5
github.com/dhcgn/iot-ephemeral-value-store/httphandler/datahandling.go:15.3,16.29 2 5
github.com/dhcgn/iot-ephemeral-value-store/httphandler/datahandling.go:16.29,18.4 1 5
github.com/dhcgn/iot-ephemeral-value-store/httphandler/datahandling.go:21.2,22.35 2 9
github.com/dhcgn/iot-ephemeral-value-store/httphandler/deleteHandler.go:10.71,15.16 4 3
github.com/dhcgn/iot-ephemeral-value-store/httphandler/deleteHandler.go:15.16,20.3 4 1
github.com/dhcgn/iot-ephemeral-value-store/httphandler/deleteHandler.go:22.2,23.25 2 2
github.com/dhcgn/iot-ephemeral-value-store/httphandler/downloadHandler.go:17.78,19.2 1 5
github.com/dhcgn/iot-ephemeral-value-store/httphandler/downloadHandler.go:21.95,27.16 5 7
github.com/dhcgn/iot-ephemeral-value-store/httphandler/downloadHandler.go:27.16,32.3 4 1
github.com/dhcgn/iot-ephemeral-value-store/httphandler/downloadHandler.go:34.2,35.60 2 6
github.com/dhcgn/iot-ephemeral-value-store/httphandler/downloadHandler.go:35.60,40.3 4 1
github.com/dhcgn/iot-ephemeral-value-store/httphandler/downloadHandler.go:42.2,43.16 2 5
github.com/dhcgn/iot-ephemeral-value-store/httphandler/downloadHandler.go:43.16,46.49 3 2
github.com/dhcgn/iot-ephemeral-value-store/httphandler/downloadHandler.go:46.49,48.4 1 1
github.com/dhcgn/iot-ephemeral-value-store/httphandler/downloadHandler.go:48.9,50.4 1 1
github.com/dhcgn/iot-ephemeral-value-store/httphandler/downloadHandler.go:51.3,51.9 1 2
github.com/dhcgn/iot-ephemeral-value-store/httphandler/downloadHandler.go:55.2,55.16 1 3
github.com/dhcgn/iot-ephemeral-value-store/httphandler/downloadHandler.go:55.16,57.17 2 2
github.com/dhcgn/iot-ephemeral-value-store/httphandler/downloadHandler.go:57.17,62.4 4 1
github.com/dhcgn/iot-ephemeral-value-store/httphandler/downloadHandler.go:63.3,63.18 1 1
github.com/dhcgn/iot-ephemeral-value-store/httphandler/downloadHandler.go:66.2,70.24 3 2
github.com/dhcgn/iot-ephemeral-value-store/httphandler/downloadHandler.go:73.54,76.16 2 2
github.com/dhcgn/iot-ephemeral-value-store/httphandler/downloadHandler.go:76.16,78.3 1 1
github.com/dhcgn/iot-ephemeral-value-store/httphandler/downloadHandler.go:81.2,82.16 2 1
github.com/dhcgn/iot-ephemeral-value-store/httphandler/downloadHandler.go:82.16,84.3 1 0
github.com/dhcgn/iot-ephemeral-value-store/httphandler/downloadHandler.go:87.2,88.16 2 1
github.com/dhcgn/iot-ephemeral-value-store/httphandler/downloadHandler.go:88.16,90.3 1 1
github.com/dhcgn/iot-ephemeral-value-store/httphandler/downloadHandler.go:91.2,91.34 1 0
github.com/dhcgn/iot-ephemeral-value-store/httphandler/downloadHandler.go:94.77,99.16 4 2
github.com/dhcgn/iot-ephemeral-value-store/httphandler/downloadHandler.go:99.16,104.3 4 1
github.com/dhcgn/iot-ephemeral-value-store/httphandler/downloadHandler.go:106.2,110.19 3 1
github.com/dhcgn/iot-ephemeral-value-store/httphandler/downloadHandler.go:113.79,115.2 1 2
github.com/dhcgn/iot-ephemeral-value-store/httphandler/downloadHandler.go:119.77,124.16 4 6
github.com/dhcgn/iot-ephemeral-value-store/httphandler/downloadHandler.go:124.16,129.3 4 1
github.com/dhcgn/iot-ephemeral-value-store/httphandler/downloadHandler.go:132.2,133.60 2 5
github.com/dhcgn/iot-ephemeral-value-store/httphandler/downloadHandler.go:133.60,138.3 4 1
github.com/dhcgn/iot-ephemeral-value-store/httphandler/downloadHandler.go:140.2,155.20 6 4
github.com/dhcgn/iot-ephemeral-value-store/httphandler/downloadHandler.go:155.20,157.3 1 4
github.com/dhcgn/iot-ephemeral-value-store/httphandler/downloadHandler.go:158.2,158.29 1 4
github.com/dhcgn/iot-ephemeral-value-store/httphandler/downloadHandler.go:158.29,163.3 1 13
github.com/dhcgn/iot-ephemeral-value-store/httphandler/downloadHandler.go:165.2,175.60 3 4
github.com/dhcgn/iot-ephemeral-value-store/httphandler/downloadHandler.go:175.60,180.3 4 0
github.com/dhcgn/iot-ephemeral-value-store/httphandler/downloadHandler.go:188.64,191.26 2 6
github.com/dhcgn/iot-ephemeral-value-store/httphandler/downloadHandler.go:192.30,193.29 1 6
github.com/dhcgn/iot-ephemeral-value-store/httphandler/downloadHandler.go:193.29,195.20 2 15
github.com/dhcgn/iot-ephemeral-value-store/httphandler/downloadHandler.go:195.20,197.5 1 12
github.com/dhcgn/iot-ephemeral-value-store/httphandler/downloadHandler.go:197.10,199.5 1 3
github.com/dhcgn/iot-ephemeral-value-store/httphandler/downloadHandler.go:202.4,202.59 1 15
github.com/dhcgn/iot-ephemeral-value-store/httphandler/downloadHandler.go:202.59,206.5 2 2
github.com/dhcgn/iot-ephemeral-value-store/httphandler/downloadHandler.go:206.10,209.5 1 13
github.com/dhcgn/iot-ephemeral-value-store/httphandler/downloadHandler.go:213.2,213.14 1 6
github.com/dhcgn/iot-ephemeral-value-store/httphandler/keyPairHandler.go:10.72,12.16 2 1
github.com/dhcgn/iot-ephemeral-value-store/httphandler/keyPairHandler.go:12.16,17.3 4 0
github.com/dhcgn/iot-ephemeral-value-store/httphandler/keyPairHandler.go:19.2,23.27 2 1
github.com/dhcgn/iot-ephemeral-value-store/httphandler/uploadHandler.go:11.79,17.2 4 3
github.com/dhcgn/iot-ephemeral-value-store/httphandler/uploadHandler.go:19.71,24.2 3 3
github.com/dhcgn/iot-ephemeral-value-store/httphandler/uploadHandler.go:26.108,35.13 5 6
github.com/dhcgn/iot-ephemeral-value-store/httphandler/uploadHandler.go:35.13,37.3 1 3
github.com/dhcgn/iot-ephemeral-value-store/httphandler/uploadHandler.go:37.8,39.3 1 3
github.com/dhcgn/iot-ephemeral-value-store/httphandler/uploadHandler.go:41.2,41.16 1 6
github.com/dhcgn/iot-ephemeral-value-store/httphandler/uploadHandler.go:41.16,46.3 4 2
github.com/dhcgn/iot-ephemeral-value-store/httphandler/uploadHandler.go:48.2,50.57 2 4
github.com/dhcgn/iot-ephemeral-value-store/httphandler/uploadHandler.go:53.119,55.18 2 4
github.com/dhcgn/iot-ephemeral-value-store/httphandler/uploadHandler.go:55.18,57.3 1 0
github.com/dhcgn/iot-ephemeral-value-store/httphandler/uploadHandler.go:59.2,60.26 2 4
github.com/dhcgn/iot-ephemeral-value-store/httphandler/uploadHandler.go:60.26,62.3 1 10
github.com/dhcgn/iot-ephemeral-value-store/httphandler/uploadHandler.go:64.2,70.4 2 4
github.com/dhcgn/iot-ephemeral-value-store/httphandler/utils.go:9.41,12.2 1 17
github.com/dhcgn/iot-ephemeral-value-store/httphandler/utils.go:14.60,17.2 2 6
github.com/dhcgn/iot-ephemeral-value-store/httphandler/utils.go:19.66,21.34 2 12
github.com/dhcgn/iot-ephemeral-value-store/httphandler/utils.go:21.34,22.22 1 13
github.com/dhcgn/iot-ephemeral-value-store/httphandler/utils.go:22.22,25.4 2 12
github.com/dhcgn/iot-ephemeral-value-store/httphandler/utils.go:27.2,27.17 1 12
github.com/dhcgn/iot-ephemeral-value-store/middleware/cors.go:5.58,6.71 1 4
github.com/dhcgn/iot-ephemeral-value-store/middleware/cors.go:6.71,17.28 4 4
github.com/dhcgn/iot-ephemeral-value-store/middleware/cors.go:17.28,20.4 2 1
github.com/dhcgn/iot-ephemeral-value-store/middleware/cors.go:22.3,22.23 1 3
github.com/dhcgn/iot-ephemeral-value-store/middleware/limitRequestSize.go:8.66,9.71 1 3
github.com/dhcgn/iot-ephemeral-value-store/middleware/limitRequestSize.go:9.71,11.41 1 3
github.com/dhcgn/iot-ephemeral-value-store/middleware/limitRequestSize.go:11.41,16.4 4 1
github.com/dhcgn/iot-ephemeral-value-store/middleware/limitRequestSize.go:18.3,18.23 1 2
github.com/dhcgn/iot-ephemeral-value-store/middleware/ratelimit.go:17.66,19.16 2 22
github.com/dhcgn/iot-ephemeral-value-store/middleware/ratelimit.go:19.16,21.3 1 0
github.com/dhcgn/iot-ephemeral-value-store/middleware/ratelimit.go:23.2,23.71 1 22
github.com/dhcgn/iot-ephemeral-value-store/middleware/ratelimit.go:23.71,24.50 1 7
github.com/dhcgn/iot-ephemeral-value-store/middleware/ratelimit.go:24.50,26.4 1 2
github.com/dhcgn/iot-ephemeral-value-store/middleware/ratelimit.go:27.3,27.56 1 5
github.com/dhcgn/iot-ephemeral-value-store/middleware/ratelimit.go:27.56,31.4 1 5
github.com/dhcgn/iot-ephemeral-value-store/middleware/ratelimit.go:34.2,34.15 1 15
github.com/dhcgn/iot-ephemeral-value-store/middleware/ratelimit.go:38.60,40.19 2 8
github.com/dhcgn/iot-ephemeral-value-store/middleware/ratelimit.go:40.19,42.3 1 0
github.com/dhcgn/iot-ephemeral-value-store/middleware/ratelimit.go:43.2,43.35 1 8
github.com/dhcgn/iot-ephemeral-value-store/middleware/ratelimit.go:43.35,44.31 1 8
github.com/dhcgn/iot-ephemeral-value-store/middleware/ratelimit.go:44.31,46.4 1 7
github.com/dhcgn/iot-ephemeral-value-store/middleware/ratelimit.go:48.2,48.14 1 1
github.com/dhcgn/iot-ephemeral-value-store/middleware/ratelimit.go:56.59,57.71 1 4
github.com/dhcgn/iot-ephemeral-value-store/middleware/ratelimit.go:57.71,59.25 1 25
github.com/dhcgn/iot-ephemeral-value-store/middleware/ratelimit.go:59.25,62.4 2 10
github.com/dhcgn/iot-ephemeral-value-store/middleware/ratelimit.go:64.3,65.15 2 15
github.com/dhcgn/iot-ephemeral-value-store/middleware/ratelimit.go:65.15,70.4 4 0
github.com/dhcgn/iot-ephemeral-value-store/middleware/ratelimit.go:73.3,73.39 1 15
github.com/dhcgn/iot-ephemeral-value-store/middleware/ratelimit.go:73.39,76.4 2 10
github.com/dhcgn/iot-ephemeral-value-store/middleware/ratelimit.go:78.3,79.23 2 5
github.com/dhcgn/iot-ephemeral-value-store/middleware/ratelimit.go:79.23,85.4 5 2
github.com/dhcgn/iot-ephemeral-value-store/middleware/ratelimit.go:87.3,87.23 1 3
github.com/dhcgn/iot-ephemeral-value-store/middleware/ratelimit.go:91.53,96.13 4 5
github.com/dhcgn/iot-ephemeral-value-store/middleware/ratelimit.go:96.13,99.3 2 3
github.com/dhcgn/iot-ephemeral-value-store/middleware/ratelimit.go:101.2,101.16 1 5
github.com/dhcgn/iot-ephemeral-value-store/mcphandler/server.go:26.54,29.19 2 7
github.com/dhcgn/iot-ephemeral-value-store/mcphandler/server.go:29.19,31.3 1 2
github.com/dhcgn/iot-ephemeral-value-store/mcphandler/server.go:34.2,46.78 4 7
github.com/dhcgn/iot-ephemeral-value-store/mcphandler/server.go:46.78,48.3 1 0
github.com/dhcgn/iot-ephemeral-value-store/mcphandler/server.go:52.2,56.8 1 7
github.com/dhcgn/iot-ephemeral-value-store/mcphandler/server.go:60.71,62.33 1 4
github.com/dhcgn/iot-ephemeral-value-store/mcphandler/server.go:62.33,65.3 2 0
github.com/dhcgn/iot-ephemeral-value-store/mcphandler/server.go:68.2,68.32 1 4
github.com/dhcgn/iot-ephemeral-value-store/mcphandler/server.go:68.32,71.3 2 1
github.com/dhcgn/iot-ephemeral-value-store/mcphandler/server.go:73.2,73.124 1 3
github.com/dhcgn/iot-ephemeral-value-store/mcphandler/server.go:77.79,80.19 2 3
github.com/dhcgn/iot-ephemeral-value-store/mcphandler/server.go:80.19,82.3 1 1
github.com/dhcgn/iot-ephemeral-value-store/mcphandler/server.go:84.2,99.56 3 3
github.com/dhcgn/iot-ephemeral-value-store/mcphandler/server.go:99.56,101.3 1 0
github.com/dhcgn/iot-ephemeral-value-store/mcphandler/tools.go:47.34,49.36 2 1
github.com/dhcgn/iot-ephemeral-value-store/mcphandler/tools.go:49.36,51.3 1 5
github.com/dhcgn/iot-ephemeral-value-store/mcphandler/tools.go:52.2,52.14 1 1
github.com/dhcgn/iot-ephemeral-value-store/mcphandler/tools.go:56.75,58.16 2 9
github.com/dhcgn/iot-ephemeral-value-store/mcphandler/tools.go:58.16,60.3 1 0
github.com/dhcgn/iot-ephemeral-value-store/mcphandler/tools.go:61.2,65.8 1 9
github.com/dhcgn/iot-ephemeral-value-store/mcphandler/tools.go:99.151,100.22 1 2
github.com/dhcgn/iot-ephemeral-value-store/mcphandler/tools.go:100.22,102.3 1 0
github.com/dhcgn/iot-ephemeral-value-store/mcphandler/tools.go:104.2,105.16 2 2
github.com/dhcgn/iot-ephemeral-value-store/mcphandler/tools.go:105.16,109.3 3 0
github.com/dhcgn/iot-ephemeral-value-store/mcphandler/tools.go:111.2,116.16 2 2
github.com/dhcgn/iot-ephemeral-value-store/mcphandler/tools.go:116.16,118.3 1 0
github.com/dhcgn/iot-ephemeral-value-store/mcphandler/tools.go:119.2,119.25 1 2
github.com/dhcgn/iot-ephemeral-value-store/mcphandler/tools.go:123.141,124.22 1 3
github.com/dhcgn/iot-ephemeral-value-store/mcphandler/tools.go:124.22,126.3 1 0
github.com/dhcgn/iot-ephemeral-value-store/mcphandler/tools.go:128.2,129.16 2 3
github.com/dhcgn/iot-ephemeral-value-store/mcphandler/tools.go:129.16,133.3 3 2
github.com/dhcgn/iot-ephemeral-value-store/mcphandler/tools.go:134.2,141.16 3 1
github.com/dhcgn/iot-ephemeral-value-store/mcphandler/tools.go:141.16,143.3 1 0
github.com/dhcgn/iot-ephemeral-value-store/mcphandler/tools.go:144.2,144.25 1 1
github.com/dhcgn/iot-ephemeral-value-store/mcphandler/tools.go:148.139,149.22 1 4
github.com/dhcgn/iot-ephemeral-value-store/mcphandler/tools.go:149.22,151.3 1 0
github.com/dhcgn/iot-ephemeral-value-store/mcphandler/tools.go:153.2,154.16 2 4
github.com/dhcgn/iot-ephemeral-value-store/mcphandler/tools.go:154.16,158.3 3 2
github.com/dhcgn/iot-ephemeral-value-store/mcphandler/tools.go:159.2,167.16 3 2
github.com/dhcgn/iot-ephemeral-value-store/mcphandler/tools.go:167.16,169.3 1 0
github.com/dhcgn/iot-ephemeral-value-store/mcphandler/tools.go:170.2,170.25 1 2
github.com/dhcgn/iot-ephemeral-value-store/mcphandler/tools.go:174.145,175.22 1 5
github.com/dhcgn/iot-ephemeral-value-store/mcphandler/tools.go:175.22,177.3 1 0
github.com/dhcgn/iot-ephemeral-value-store/mcphandler/tools.go:179.2,181.28 2 5
github.com/dhcgn/iot-ephemeral-value-store/mcphandler/tools.go:181.28,183.17 2 2
github.com/dhcgn/iot-ephemeral-value-store/mcphandler/tools.go:183.17,187.4 3 1
github.com/dhcgn/iot-ephemeral-value-store/mcphandler/tools.go:189.3,190.60 2 1
github.com/dhcgn/iot-ephemeral-value-store/mcphandler/tools.go:190.60,194.4 3 0
github.com/dhcgn/iot-ephemeral-value-store/mcphandler/tools.go:196.3,201.4 2 1
github.com/dhcgn/iot-ephemeral-value-store/mcphandler/tools.go:202.8,204.17 2 3
github.com/dhcgn/iot-ephemeral-value-store/mcphandler/tools.go:204.17,208.4 3 1
github.com/dhcgn/iot-ephemeral-value-store/mcphandler/tools.go:210.3,216.4 2 2
github.com/dhcgn/iot-ephemeral-value-store/mcphandler/tools.go:219.2,220.16 2 3
github.com/dhcgn/iot-ephemeral-value-store/mcphandler/tools.go:220.16,222.3 1 0
github.com/dhcgn/iot-ephemeral-value-store/mcphandler/tools.go:223.2,223.25 1 3
github.com/dhcgn/iot-ephemeral-value-store/mcphandler/tools.go:227.141,228.22 1 3
github.com/dhcgn/iot-ephemeral-value-store/mcphandler/tools.go:228.22,230.3 1 0
github.com/dhcgn/iot-ephemeral-value-store/mcphandler/tools.go:232.2,233.16 2 3
github.com/dhcgn/iot-ephemeral-value-store/mcphandler/tools.go:233.16,237.3 3 2
github.com/dhcgn/iot-ephemeral-value-store/mcphandler/tools.go:239.2,243.16 2 1
github.com/dhcgn/iot-ephemeral-value-store/mcphandler/tools.go:243.16,245.3 1 0
github.com/dhcgn/iot-ephemeral-value-store/mcphandler/tools.go:246.2,246.25 1 1
github.com/dhcgn/iot-ephemeral-value-store/mcphandler/tools.go:250.51,285.2 10 7
github.com/dhcgn/iot-ephemeral-value-store/mcphandler/tools.go:289.49,290.36 1 35
github.com/dhcgn/iot-ephemeral-value-store/mcphandler/tools.go:290.36,291.24 1 105
github.com/dhcgn/iot-ephemeral-value-store/mcphandler/tools.go:291.24,293.4 1 35
github.com/dhcgn/iot-ephemeral-value-store/mcphandler/tools.go:295.2,295.112 1 0
github.com/dhcgn/iot-ephemeral-value-store/stats/stats.go:41.24,48.2 1 9
github.com/dhcgn/iot-ephemeral-value-store/stats/stats.go:50.45,56.2 4 100003
github.com/dhcgn/iot-ephemeral-value-store/stats/stats.go:58.38,63.37 4 100002
github.com/dhcgn/iot-ephemeral-value-store/stats/stats.go:63.37,65.3 1 100002
github.com/dhcgn/iot-ephemeral-value-store/stats/stats.go:68.36,73.37 4 100002
github.com/dhcgn/iot-ephemeral-value-store/stats/stats.go:73.37,75.3 1 100002
github.com/dhcgn/iot-ephemeral-value-store/stats/stats.go:78.39,83.37 4 100002
github.com/dhcgn/iot-ephemeral-value-store/stats/stats.go:83.37,85.3 1 100002
github.com/dhcgn/iot-ephemeral-value-store/stats/stats.go:88.47,94.45 5 100002
github.com/dhcgn/iot-ephemeral-value-store/stats/stats.go:94.45,95.20 1 99999
github.com/dhcgn/iot-ephemeral-value-store/stats/stats.go:95.20,98.9 3 99999
github.com/dhcgn/iot-ephemeral-value-store/stats/stats.go:101.2,101.12 1 100002
github.com/dhcgn/iot-ephemeral-value-store/stats/stats.go:101.12,103.3 1 3
github.com/dhcgn/iot-ephemeral-value-store/stats/stats.go:106.59,108.42 2 300006
github.com/dhcgn/iot-ephemeral-value-store/stats/stats.go:108.42,110.3 1 5
github.com/dhcgn/iot-ephemeral-value-store/stats/stats.go:111.2,113.21 3 300006
github.com/dhcgn/iot-ephemeral-value-store/stats/stats.go:116.38,124.31 6 100003
github.com/dhcgn/iot-ephemeral-value-store/stats/stats.go:124.31,125.23 1 100027
github.com/dhcgn/iot-ephemeral-value-store/stats/stats.go:125.23,127.4 1 1
github.com/dhcgn/iot-ephemeral-value-store/stats/stats.go:127.9,131.4 3 100026
github.com/dhcgn/iot-ephemeral-value-store/stats/stats.go:135.43,139.43 3 100001
github.com/dhcgn/iot-ephemeral-value-store/stats/stats.go:139.43,141.3 1 0
github.com/dhcgn/iot-ephemeral-value-store/stats/stats.go:142.2,142.37 1 100001
github.com/dhcgn/iot-ephemeral-value-store/storage/disk_unix.go:12.48,14.49 2 0
github.com/dhcgn/iot-ephemeral-value-store/storage/disk_unix.go:14.49,16.3 1 0
github.com/dhcgn/iot-ephemeral-value-store/storage/disk_unix.go:17.2,17.52 1 0
github.com/dhcgn/iot-ephemeral-value-store/storage/storage.go:33.68,35.2 1 0
github.com/dhcgn/iot-ephemeral-value-store/storage/storage.go:36.70,38.2 1 0
github.com/dhcgn/iot-ephemeral-value-store/storage/storage.go:39.67,41.2 1 25
github.com/dhcgn/iot-ephemeral-value-store/storage/storage.go:42.68,44.2 1 52
github.com/dhcgn/iot-ephemeral-value-store/storage/storage.go:80.43,82.16 2 5
github.com/dhcgn/iot-ephemeral-value-store/storage/storage.go:82.16,84.3 1 0
github.com/dhcgn/iot-ephemeral-value-store/storage/storage.go:86.2,90.3 1 5
github.com/dhcgn/iot-ephemeral-value-store/storage/storage.go:93.92,95.16 2 2
github.com/dhcgn/iot-ephemeral-value-store/storage/storage.go:95.16,97.3 1 0
github.com/dhcgn/iot-ephemeral-value-store/storage/storage.go:99.2,99.57 1 2
github.com/dhcgn/iot-ephemeral-value-store/storage/storage.go:99.57,101.17 2 1
github.com/dhcgn/iot-ephemeral-value-store/storage/storage.go:101.17,103.4 1 0
github.com/dhcgn/iot-ephemeral-value-store/storage/storage.go:106.2,107.16 2 2
github.com/dhcgn/iot-ephemeral-value-store/storage/storage.go:107.16,109.3 1 0
github.com/dhcgn/iot-ephemeral-value-store/storage/storage.go:111.2,116.3 1 2
github.com/dhcgn/iot-ephemeral-value-store/storage/storage.go:122.83,123.28 1 7
github.com/dhcgn/iot-ephemeral-value-store/storage/storage.go:123.28,125.3 1 0
github.com/dhcgn/iot-ephemeral-value-store/storage/storage.go:127.2,131.12 3 7
github.com/dhcgn/iot-ephemeral-value-store/storage/storage.go:131.12,133.3 1 7
github.com/dhcgn/iot-ephemeral-value-store/storage/storage.go:135.2,135.9 1 7
github.com/dhcgn/iot-ephemeral-value-store/storage/storage.go:136.19,137.17 1 7
github.com/dhcgn/iot-ephemeral-value-store/storage/storage.go:138.36,142.27 3 0
github.com/dhcgn/iot-ephemeral-value-store/storage/storage.go:148.43,150.2 1 0
github.com/dhcgn/iot-ephemeral-value-store/storage/storage.go:153.45,155.2 1 0
github.com/dhcgn/iot-ephemeral-value-store/storage/storage.go:157.71,159.47 2 2
github.com/dhcgn/iot-ephemeral-value-store/storage/storage.go:159.47,161.17 2 2
github.com/dhcgn/iot-ephemeral-value-store/storage/storage.go:161.17,163.4 1 1
github.com/dhcgn/iot-ephemeral-value-store/storage/storage.go:164.3,165.13 2 1
github.com/dhcgn/iot-ephemeral-value-store/storage/storage.go:167.2,167.22 1 2
github.com/dhcgn/iot-ephemeral-value-store/storage/storage.go:170.95,172.16 2 6
github.com/dhcgn/iot-ephemeral-value-store/storage/storage.go:172.16,174.3 1 1
github.com/dhcgn/iot-ephemeral-value-store/storage/storage.go:176.2,176.57 1 5
github.com/dhcgn/iot-ephemeral-value-store/storage/storage.go:176.57,179.3 2 5
github.com/dhcgn/iot-ephemeral-value-store/storage/storage.go:182.88,184.47 2 5
github.com/dhcgn/iot-ephemeral-value-store/storage/storage.go:184.47,186.17 2 5
github.com/dhcgn/iot-ephemeral-value-store/storage/storage.go:186.17,187.36 1 2
github.com/dhcgn/iot-ephemeral-value-store/storage/storage.go:187.36,190.5 2 2
github.com/dhcgn/iot-ephemeral-value-store/storage/storage.go:191.4,191.14 1 0
github.com/dhcgn/iot-ephemeral-value-store/storage/storage.go:193.3,194.17 2 3
github.com/dhcgn/iot-ephemeral-value-store/storage/storage.go:194.17,196.4 1 0
github.com/dhcgn/iot-ephemeral-value-store/storage/storage.go:197.3,197.49 1 3
github.com/dhcgn/iot-ephemeral-value-store/storage/storage.go:199.2,199.26 1 5
github.com/dhcgn/iot-ephemeral-value-store/storage/storage.go:202.60,203.57 1 1
github.com/dhcgn/iot-ephemeral-value-store/storage/storage.go:203.57,205.3 1 1
github.com/dhcgn/iot-ephemeral-value-store/storage/storage.go:208.85,209.57 1 1
github.com/dhcgn/iot-ephemeral-value-store/storage/storage.go:209.57,212.3 2 1
github.com/dhcgn/iot-ephemeral-value-store/storage/storage.go:218.54,219.28 1 0
github.com/dhcgn/iot-ephemeral-value-store/storage/storage.go:219.28,225.3 1 0
github.com/dhcgn/iot-ephemeral-value-store/storage/storage.go:228.2,228.47 1 0
github.com/dhcgn/iot-ephemeral-value-store/storage/storage.go:228.47,230.35 2 0
github.com/dhcgn/iot-ephemeral-value-store/storage/storage.go:230.35,232.4 1 0
github.com/dhcgn/iot-ephemeral-value-store/storage/storage.go:233.3,233.13 1 0
github.com/dhcgn/iot-ephemeral-value-store/storage/storage.go:235.2,235.16 1 0
github.com/dhcgn/iot-ephemeral-value-store/storage/storage.go:235.16,240.3 1 0
github.com/dhcgn/iot-ephemeral-value-store/storage/storage.go:242.2,248.23 2 0
github.com/dhcgn/iot-ephemeral-value-store/storage/storage.go:248.23,250.17 2 0
github.com/dhcgn/iot-ephemeral-value-store/storage/storage.go:250.17,252.4 1 0
github.com/dhcgn/iot-ephemeral-value-store/storage/storage.go:252.9,255.27 3 0
github.com/dhcgn/iot-ephemeral-value-store/storage/storage.go:255.27,258.5 2 0
github.com/dhcgn/iot-ephemeral-value-store/storage/storage.go:262.2,262.15 1 0
